2011.08.25 23:39:38	1	Начало экспорта БД `utcmarket`
2011.08.25 23:39:38	1	Экспорт таблицы `access`
2011.08.25 23:39:38	1	Экспорт таблицы `accesslog`
2011.08.25 23:39:38	1	Экспорт таблицы `actions`
2011.08.25 23:39:38	1	Экспорт таблицы `actions_aid`
2011.08.25 23:39:38	1	Экспорт таблицы `authmap`
2011.08.25 23:39:38	1	Экспорт таблицы `backup_migrate_destinations`
2011.08.25 23:39:38	1	Экспорт таблицы `backup_migrate_profiles`
2011.08.25 23:39:38	1	Экспорт таблицы `backup_migrate_schedules`
2011.08.25 23:39:38	1	Экспорт таблицы `batch`
2011.08.25 23:39:39	1	Экспорт таблицы `blocks`
2011.08.25 23:39:39	1	Экспорт таблицы `blocks_roles`
2011.08.25 23:39:39	1	Экспорт таблицы `boxes`
2011.08.25 23:39:39	1	Экспорт таблицы `ca_predicates`
2011.08.25 23:39:39	1	Экспорт таблицы `cache`
2011.08.25 23:39:39	1	Экспорт таблицы `cache_block`
2011.08.25 23:39:39	1	Экспорт таблицы `cache_content`
2011.08.25 23:39:39	1	Экспорт таблицы `cache_filter`
2011.08.25 23:39:39	1	Экспорт таблицы `cache_form`
2011.08.25 23:39:39	1	Экспорт таблицы `cache_menu`
